2026-05-22 12:44:08 | INFO     | student_mgmt | Student Management System started.
2026-05-22 12:46:03 | INFO     | student_mgmt | REQUEST  GET /docs
2026-05-22 12:46:03 | INFO     | student_mgmt | RESPONSE GET /docs -> 200  (2.00 ms)
2026-05-22 12:46:04 | INFO     | student_mgmt | REQUEST  GET /openapi.json
2026-05-22 12:46:04 | INFO     | student_mgmt | RESPONSE GET /openapi.json -> 200  (86.44 ms)
2026-05-22 12:46:30 | INFO     | student_mgmt | REQUEST  GET /
2026-05-22 12:46:31 | INFO     | student_mgmt | RESPONSE GET / -> 200  (283.02 ms)
2026-05-22 12:46:31 | INFO     | student_mgmt | REQUEST  GET /css/style.css
2026-05-22 12:46:31 | INFO     | student_mgmt | REQUEST  GET /js/app.js
2026-05-22 12:46:31 | INFO     | student_mgmt | RESPONSE GET /css/style.css -> 200  (12.59 ms)
2026-05-22 12:46:31 | INFO     | student_mgmt | RESPONSE GET /js/app.js -> 200  (29.95 ms)
2026-05-22 12:46:32 | INFO     | student_mgmt | REQUEST  GET /favicon.ico
2026-05-22 12:46:32 | WARNING  | student_mgmt | RESPONSE GET /favicon.ico -> 404  (19.75 ms)
2026-05-22 12:46:33 | INFO     | student_mgmt | REQUEST  POST /auth/login
2026-05-22 12:46:33 | INFO     | student_mgmt | Login attempt for username='admin'
2026-05-22 12:46:34 | INFO     | student_mgmt | Login SUCCESS for username='admin' role='admin'
2026-05-22 12:46:34 | INFO     | student_mgmt | RESPONSE POST /auth/login -> 200  (721.67 ms)
2026-05-22 12:46:34 | INFO     | student_mgmt | REQUEST  GET /students/
2026-05-22 12:46:34 | DEBUG    | student_mgmt | Token validated for username='admin'
2026-05-22 12:46:36 | DEBUG    | student_mgmt | GET all students — querying DB (dept=None min_gpa=None max_gpa=None skip=0 limit=100)
2026-05-22 12:46:38 | INFO     | student_mgmt | GET all students — returned 4 records
2026-05-22 12:46:38 | INFO     | student_mgmt | RESPONSE GET /students/ -> 200  (4105.44 ms)
2026-05-22 12:46:38 | INFO     | student_mgmt | REQUEST  GET /audit-logs/
2026-05-22 12:46:38 | DEBUG    | student_mgmt | Token validated for username='admin'
2026-05-22 12:46:38 | INFO     | student_mgmt | RESPONSE GET /audit-logs/ -> 200  (19.54 ms)
2026-05-22 12:46:44 | INFO     | student_mgmt | REQUEST  GET /students/
2026-05-22 12:46:44 | DEBUG    | student_mgmt | Token validated for username='admin'
2026-05-22 12:46:46 | DEBUG    | student_mgmt | GET all students — querying DB (dept=None min_gpa=None max_gpa=None skip=0 limit=10)
2026-05-22 12:46:48 | INFO     | student_mgmt | GET all students — returned 4 records
2026-05-22 12:46:48 | INFO     | student_mgmt | RESPONSE GET /students/ -> 200  (4049.20 ms)
2026-05-22 12:47:39 | INFO     | student_mgmt | REQUEST  POST /auth/register
2026-05-22 12:47:40 | INFO     | student_mgmt | Registration attempt for username='string'
2026-05-22 12:47:40 | WARNING  | student_mgmt | Registration failed — username already exists: 'string'
2026-05-22 12:47:40 | WARNING  | student_mgmt | RESPONSE POST /auth/register -> 400  (157.43 ms)
2026-05-22 12:47:41 | INFO     | student_mgmt | REQUEST  POST /auth/register
2026-05-22 12:47:41 | INFO     | student_mgmt | Registration attempt for username='string'
2026-05-22 12:47:41 | WARNING  | student_mgmt | Registration failed — username already exists: 'string'
2026-05-22 12:47:41 | WARNING  | student_mgmt | RESPONSE POST /auth/register -> 400  (444.92 ms)
2026-05-22 12:47:57 | INFO     | student_mgmt | REQUEST  POST /auth/login
2026-05-22 12:47:57 | INFO     | student_mgmt | Login attempt for username='string'
2026-05-22 12:47:57 | INFO     | student_mgmt | Login SUCCESS for username='string' role='student'
2026-05-22 12:47:57 | INFO     | student_mgmt | RESPONSE POST /auth/login -> 200  (348.95 ms)
2026-05-22 12:47:58 | INFO     | student_mgmt | REQUEST  POST /auth/login
2026-05-22 12:47:58 | INFO     | student_mgmt | Login attempt for username='string'
2026-05-22 12:47:58 | INFO     | student_mgmt | Login SUCCESS for username='string' role='student'
2026-05-22 12:47:58 | INFO     | student_mgmt | RESPONSE POST /auth/login -> 200  (318.11 ms)
2026-05-22 12:49:15 | INFO     | student_mgmt | REQUEST  POST /students/
2026-05-22 12:49:15 | WARNING  | student_mgmt | RESPONSE POST /students/ -> 403  (2.71 ms)
2026-05-22 12:49:16 | INFO     | student_mgmt | REQUEST  POST /students/
2026-05-22 12:49:16 | WARNING  | student_mgmt | RESPONSE POST /students/ -> 403  (2.17 ms)
2026-05-22 12:49:17 | INFO     | student_mgmt | REQUEST  POST /students/
2026-05-22 12:49:17 | WARNING  | student_mgmt | RESPONSE POST /students/ -> 403  (13.76 ms)
2026-05-22 12:50:13 | INFO     | student_mgmt | REQUEST  GET /metrics
2026-05-22 12:50:13 | WARNING  | student_mgmt | RESPONSE GET /metrics -> 403  (3.36 ms)
2026-05-22 12:50:14 | INFO     | student_mgmt | REQUEST  GET /metrics
2026-05-22 12:50:14 | WARNING  | student_mgmt | RESPONSE GET /metrics -> 403  (1.00 ms)
2026-05-22 12:50:15 | INFO     | student_mgmt | REQUEST  GET /metrics
2026-05-22 12:50:15 | WARNING  | student_mgmt | RESPONSE GET /metrics -> 403  (1.00 ms)
2026-05-22 12:50:58 | INFO     | student_mgmt | REQUEST  GET /logs
2026-05-22 12:50:58 | WARNING  | student_mgmt | RESPONSE GET /logs -> 403  (1.00 ms)
2026-05-22 12:50:59 | INFO     | student_mgmt | REQUEST  GET /logs
2026-05-22 12:50:59 | WARNING  | student_mgmt | RESPONSE GET /logs -> 403  (1.00 ms)
2026-05-22 12:51:00 | INFO     | student_mgmt | REQUEST  GET /logs
2026-05-22 12:51:00 | WARNING  | student_mgmt | RESPONSE GET /logs -> 403  (2.00 ms)
2026-05-22 12:51:01 | INFO     | student_mgmt | REQUEST  GET /logs
2026-05-22 12:51:01 | WARNING  | student_mgmt | RESPONSE GET /logs -> 403  (1.00 ms)
2026-05-22 12:52:27 | INFO     | student_mgmt | REQUEST  POST /auth/login
2026-05-22 12:52:27 | INFO     | student_mgmt | Login attempt for username='admin'
2026-05-22 12:52:27 | WARNING  | student_mgmt | Login FAILED for username='admin' — invalid credentials
2026-05-22 12:52:27 | WARNING  | student_mgmt | RESPONSE POST /auth/login -> 401  (382.79 ms)
2026-05-22 12:52:29 | INFO     | student_mgmt | REQUEST  POST /auth/login
2026-05-22 12:52:29 | INFO     | student_mgmt | Login attempt for username='admin'
2026-05-22 12:52:29 | WARNING  | student_mgmt | Login FAILED for username='admin' — invalid credentials
2026-05-22 12:52:29 | WARNING  | student_mgmt | RESPONSE POST /auth/login -> 401  (389.05 ms)
2026-05-22 12:52:30 | INFO     | student_mgmt | REQUEST  POST /auth/login
2026-05-22 12:52:30 | INFO     | student_mgmt | Login attempt for username='admin'
2026-05-22 12:52:30 | WARNING  | student_mgmt | Login FAILED for username='admin' — invalid credentials
2026-05-22 12:52:30 | WARNING  | student_mgmt | RESPONSE POST /auth/login -> 401  (354.73 ms)
2026-05-22 13:15:34 | INFO     | student_mgmt | Student Management System started.
2026-05-22 13:15:34 | INFO     | student_mgmt | Student Management System started.
2026-05-22 13:15:35 | INFO     | student_mgmt | Student Management System started.
2026-05-22 13:36:30 | INFO     | student_mgmt | Student Management System started.
2026-05-22 13:36:30 | INFO     | student_mgmt | Student Management System started.
2026-05-22 13:36:31 | INFO     | student_mgmt | Student Management System started.
2026-05-22 10:39:09 | INFO     | student_mgmt | Student Management System started.
2026-05-22 10:39:45 | INFO     | student_mgmt | REQUEST  GET /docs
2026-05-22 10:39:45 | INFO     | student_mgmt | RESPONSE GET /docs -> 200  (11.42 ms)
2026-05-22 10:39:46 | INFO     | student_mgmt | REQUEST  GET /openapi.json
2026-05-22 10:39:46 | INFO     | student_mgmt | RESPONSE GET /openapi.json -> 200  (158.28 ms)
2026-05-22 10:43:59 | INFO     | student_mgmt | REQUEST  GET /favicon.ico
2026-05-22 10:43:59 | WARNING  | student_mgmt | RESPONSE GET /favicon.ico -> 404  (8.68 ms)
2026-05-22 10:44:45 | INFO     | student_mgmt | REQUEST  GET //dashboard
2026-05-22 10:44:45 | WARNING  | student_mgmt | RESPONSE GET //dashboard -> 404  (14.81 ms)
2026-05-22 10:44:58 | INFO     | student_mgmt | REQUEST  GET /dashboard
2026-05-22 10:44:58 | WARNING  | student_mgmt | RESPONSE GET /dashboard -> 403  (2.25 ms)
2026-05-22 10:46:20 | INFO     | student_mgmt | REQUEST  GET /dashboard
2026-05-22 10:46:20 | WARNING  | student_mgmt | RESPONSE GET /dashboard -> 403  (10.57 ms)
2026-05-22 10:47:11 | INFO     | student_mgmt | REQUEST  POST /auth/register
2026-05-22 10:47:11 | INFO     | student_mgmt | Registration attempt for username='string'
2026-05-22 10:47:12 | INFO     | student_mgmt | User registered successfully: id=1 username='string' role='student'
2026-05-22 10:47:12 | INFO     | student_mgmt | RESPONSE POST /auth/register -> 201  (460.67 ms)
2026-05-22 10:47:13 | INFO     | student_mgmt | REQUEST  POST /auth/register
2026-05-22 10:47:13 | INFO     | student_mgmt | Registration attempt for username='string'
2026-05-22 10:47:13 | WARNING  | student_mgmt | Registration failed — username already exists: 'string'
2026-05-22 10:47:13 | WARNING  | student_mgmt | RESPONSE POST /auth/register -> 400  (10.10 ms)
2026-05-22 10:47:16 | INFO     | student_mgmt | REQUEST  POST /auth/register
2026-05-22 10:47:16 | INFO     | student_mgmt | Registration attempt for username='string'
2026-05-22 10:47:16 | WARNING  | student_mgmt | Registration failed — username already exists: 'string'
2026-05-22 10:47:16 | WARNING  | student_mgmt | RESPONSE POST /auth/register -> 400  (13.65 ms)
2026-05-22 10:47:24 | INFO     | student_mgmt | REQUEST  POST /auth/login
2026-05-22 10:47:24 | INFO     | student_mgmt | Login attempt for username='string'
2026-05-22 10:47:25 | INFO     | student_mgmt | Login SUCCESS for username='string' role='student'
2026-05-22 10:47:25 | INFO     | student_mgmt | RESPONSE POST /auth/login -> 200  (447.60 ms)
2026-05-22 10:47:26 | INFO     | student_mgmt | REQUEST  POST /auth/login
2026-05-22 10:47:26 | INFO     | student_mgmt | Login attempt for username='string'
2026-05-22 10:47:26 | INFO     | student_mgmt | Login SUCCESS for username='string' role='student'
2026-05-22 10:47:26 | INFO     | student_mgmt | RESPONSE POST /auth/login -> 200  (382.53 ms)
2026-05-22 10:51:03 | INFO     | student_mgmt | REQUEST  GET /dashboard
2026-05-22 10:51:03 | WARNING  | student_mgmt | RESPONSE GET /dashboard -> 403  (2.43 ms)
2026-05-22 10:51:05 | INFO     | student_mgmt | REQUEST  GET /dashboard
2026-05-22 10:51:05 | WARNING  | student_mgmt | RESPONSE GET /dashboard -> 403  (1.87 ms)
2026-05-22 10:51:12 | INFO     | student_mgmt | REQUEST  GET /dashboard
2026-05-22 10:51:12 | WARNING  | student_mgmt | RESPONSE GET /dashboard -> 403  (2.39 ms)
2026-05-22 10:55:26 | INFO     | student_mgmt | REQUEST  GET /auth/login
2026-05-22 10:55:26 | WARNING  | student_mgmt | RESPONSE GET /auth/login -> 404  (12.83 ms)
2026-05-22 10:55:36 | INFO     | student_mgmt | REQUEST  POST /auth/login
2026-05-22 10:55:36 | INFO     | student_mgmt | Login attempt for username='string'
2026-05-22 10:55:36 | INFO     | student_mgmt | Login SUCCESS for username='string' role='student'
2026-05-22 10:55:36 | INFO     | student_mgmt | RESPONSE POST /auth/login -> 200  (379.38 ms)
2026-05-22 10:55:37 | INFO     | student_mgmt | REQUEST  POST /auth/login
2026-05-22 10:55:37 | INFO     | student_mgmt | Login attempt for username='string'
2026-05-22 10:55:38 | INFO     | student_mgmt | Login SUCCESS for username='string' role='student'
2026-05-22 10:55:38 | INFO     | student_mgmt | RESPONSE POST /auth/login -> 200  (502.25 ms)
2026-05-22 10:55:40 | INFO     | student_mgmt | REQUEST  GET /auth/login
2026-05-22 10:55:40 | WARNING  | student_mgmt | RESPONSE GET /auth/login -> 404  (9.63 ms)
2026-05-22 10:55:44 | INFO     | student_mgmt | REQUEST  GET /auth/login
2026-05-22 10:55:44 | WARNING  | student_mgmt | RESPONSE GET /auth/login -> 404  (3.94 ms)
2026-05-22 10:57:07 | INFO     | student_mgmt | REQUEST  GET /auth/login
2026-05-22 10:57:07 | WARNING  | student_mgmt | RESPONSE GET /auth/login -> 404  (2.84 ms)
2026-05-22 10:57:08 | INFO     | student_mgmt | REQUEST  GET /auth/login
2026-05-22 10:57:08 | WARNING  | student_mgmt | RESPONSE GET /auth/login -> 404  (3.73 ms)
2026-05-22 10:57:12 | INFO     | student_mgmt | REQUEST  GET /dashboard
2026-05-22 10:57:12 | WARNING  | student_mgmt | RESPONSE GET /dashboard -> 403  (2.04 ms)
2026-05-22 11:00:45 | INFO     | student_mgmt | REQUEST  GET /health
2026-05-22 11:00:45 | DEBUG    | student_mgmt | Health check called
2026-05-22 11:00:45 | INFO     | student_mgmt | RESPONSE GET /health -> 200  (3.14 ms)
2026-05-22 11:00:48 | INFO     | student_mgmt | REQUEST  GET /health
2026-05-22 11:00:48 | DEBUG    | student_mgmt | Health check called
2026-05-22 11:00:48 | INFO     | student_mgmt | RESPONSE GET /health -> 200  (3.53 ms)
2026-05-22 11:00:57 | INFO     | student_mgmt | REQUEST  GET /health
2026-05-22 11:00:57 | DEBUG    | student_mgmt | Health check called
2026-05-22 11:00:57 | INFO     | student_mgmt | RESPONSE GET /health -> 200  (35.78 ms)
2026-05-22 11:01:17 | INFO     | student_mgmt | REQUEST  GET /dashboard
2026-05-22 11:01:17 | WARNING  | student_mgmt | Token validation FAILED — invalid or expired token
2026-05-22 11:01:17 | WARNING  | student_mgmt | RESPONSE GET /dashboard -> 401  (5.27 ms)
2026-05-22 11:01:18 | INFO     | student_mgmt | REQUEST  GET /dashboard
2026-05-22 11:01:18 | WARNING  | student_mgmt | Token validation FAILED — invalid or expired token
2026-05-22 11:01:18 | WARNING  | student_mgmt | RESPONSE GET /dashboard -> 401  (5.17 ms)
2026-05-22 11:01:19 | INFO     | student_mgmt | REQUEST  GET /dashboard
2026-05-22 11:01:19 | WARNING  | student_mgmt | Token validation FAILED — invalid or expired token
2026-05-22 11:01:19 | WARNING  | student_mgmt | RESPONSE GET /dashboard -> 401  (6.04 ms)
2026-05-22 11:01:33 | INFO     | student_mgmt | REQUEST  GET /dashboard
2026-05-22 11:01:33 | WARNING  | student_mgmt | RESPONSE GET /dashboard -> 403  (2.39 ms)
2026-05-22 11:02:28 | INFO     | student_mgmt | REQUEST  GET /metrics
2026-05-22 11:02:28 | WARNING  | student_mgmt | Token validation FAILED — invalid or expired token
2026-05-22 11:02:28 | WARNING  | student_mgmt | RESPONSE GET /metrics -> 401  (5.23 ms)
2026-05-22 11:02:29 | INFO     | student_mgmt | REQUEST  GET /metrics
2026-05-22 11:02:29 | WARNING  | student_mgmt | Token validation FAILED — invalid or expired token
2026-05-22 11:02:29 | WARNING  | student_mgmt | RESPONSE GET /metrics -> 401  (5.08 ms)
2026-05-22 11:02:49 | INFO     | student_mgmt | REQUEST  GET /audit-logs/
2026-05-22 11:02:49 | WARNING  | student_mgmt | Token validation FAILED — invalid or expired token
2026-05-22 11:02:49 | WARNING  | student_mgmt | RESPONSE GET /audit-logs/ -> 401  (5.47 ms)
2026-05-22 11:02:51 | INFO     | student_mgmt | REQUEST  GET /audit-logs/
2026-05-22 11:02:51 | WARNING  | student_mgmt | Token validation FAILED — invalid or expired token
2026-05-22 11:02:51 | WARNING  | student_mgmt | RESPONSE GET /audit-logs/ -> 401  (5.38 ms)
